<?xml version="1.0" encoding="UTF-8"?><testsuite errors="0" failures="1" name="Get comment of specific user" skipped="0" tests="1" time="3.46" timestamp="2020-09-03 05:08:32"><testcase name="Get specific user comment"><failure message="expected:&lt;200&gt; but was:&lt;404&gt;" type="java.lang.AssertionError">expected:&lt;200&gt; but was:&lt;404&gt;</failure><system-err>expected:&lt;200&gt; but was:&lt;404&gt;&#13;
com.myautomationwork.steps.services.GoRestServiceSteps.iSendRequestToGetComment(GoRestServiceSteps.java:22)&#13;
✽.I send request to get comment(file:src/test/resources/features/services/gorest/GetCommentOfSpecificUser.feature:5)&#13;
</system-err></testcase></testsuite>