<?xml version="1.0" encoding="UTF-8"?>
<testsuite xmlns:xsi="http://www.w3.org/2001/XMLSchema-instance" xsi:noNamespaceSchemaLocation="https://maven.apache.org/surefire/maven-failsafe-plugin/xsd/failsafe-test-report.xsd" name="com.myautomationwork.CucumberTestSuite" time="227.127" tests="3" errors="1" skipped="0" failures="2">
  <properties>
[...]
</properties>
  <testcase name="Login with invalid credential" classname="Login verification" time="212.399">
    <error message="Expected condition failed: waiting for visibility of Proxy element for: HomePage.loginButton (tried for 200 second(s) with 250 milliseconds interval)" type="org.openqa.selenium.TimeoutException">org.openqa.selenium.TimeoutException: Expected condition failed: waiting for visibility of Proxy element for: HomePage.loginButton (tried for 200 second(s) with 250 milliseconds interval)
Caused by: org.openqa.selenium.NoSuchElementException: 
Timed out after 2 seconds. Element not found
For documentation on this error, please visit: https://www.seleniumhq.org/exceptions/no_such_element.html
Build info: version: '3.141.59', revision: 'e82be7d358', time: '2018-11-14T08:17:03'
System info: host: 'DELL-3400-QA4', ip: '10.240.0.70', os.name: 'Windows 10', os.arch: 'amd64', os.version: '10.0', java.version: '1.8.0_261'
Driver info: driver.version: unknown
</error>
    <system-out><![CDATA[Feature: Login verification

  Scenario: Login with invalid credential &amp#27;[90m# src/test/resources/features/apps/automationpractice/Login.feature:3&amp#27;[0m
    &amp#27;[32mGiven &amp#27;[0m&amp#27;[32mI open url&amp#27;[0m                      &amp#27;[90m# HomeSteps.iOpenUrl()&amp#27;[0m
    &amp#27;[31mWhen &amp#27;[0m&amp#27;[31mI click on Login button&amp#27;[0m          &amp#27;[90m# HomeSteps.iClickOnLoginButton()&amp#27;[0m
      &amp#27;[31morg.openqa.selenium.TimeoutException: Expected condition failed: waiting for visibility of Proxy element for: HomePage.loginButton (tried for 200 second(s) with 250 milliseconds interval)
	at org.openqa.selenium.support.ui.FluentWait.timeoutException(FluentWait.java:304)
	at org.openqa.selenium.support.ui.FluentWait.until(FluentWait.java:272)
	at com.myautomationwork.apps.pages.automationPractice.HomePage.clickOnLoginButton(HomePage.java:16)
	at com.myautomationwork.steps.apps.automationpractice.HomeSteps.iClickOnLoginButton(HomeSteps.java:17)
	at ?.I click on Login button(file:src/test/resources/features/apps/automationpractice/Login.feature:5)
Caused by: org.openqa.selenium.NoSuchElementException: Timed out after 2 seconds. Element not found
For documentation on this error, please visit: https://www.seleniumhq.org/exceptions/no_such_element.html
Build info: version: '3.141.59', revision: 'e82be7d358', time: '2018-11-14T08:17:03'
System info: host: 'DELL-3400-QA4', ip: '10.240.0.70', os.name: 'Windows 10', os.arch: 'amd64', os.version: '10.0', java.version: '1.8.0_261'
Driver info: driver.version: unknown
	at net.thucydides.core.annotations.locators.SmartAjaxElementLocator.ajaxFindElement(SmartAjaxElementLocator.java:166)
	at net.thucydides.core.annotations.locators.SmartAjaxElementLocator.findElement(SmartAjaxElementLocator.java:118)
	at org.openqa.selenium.support.pagefactory.internal.LocatingElementHandler.invoke(LocatingElementHandler.java:38)
	at com.sun.proxy.$Proxy24.isDisplayed(Unknown Source)
	at org.openqa.selenium.support.ui.ExpectedConditions.elementIfVisible(ExpectedConditions.java:314)
	at org.openqa.selenium.support.ui.ExpectedConditions.access$000(ExpectedConditions.java:43)
	at org.openqa.selenium.support.ui.ExpectedConditions$10.apply(ExpectedConditions.java:300)
	at org.openqa.selenium.support.ui.ExpectedConditions$10.apply(ExpectedConditions.java:297)
	at org.openqa.selenium.support.ui.FluentWait.until(FluentWait.java:249)
	at com.myautomationwork.apps.pages.automationPractice.HomePage.clickOnLoginButton(HomePage.java:16)
	at com.myautomationwork.steps.apps.automationpractice.HomeSteps.iClickOnLoginButton(HomeSteps.java:17)
	at sun.reflect.NativeMethodAccessorImpl.invoke0(Native Method)
	at sun.reflect.NativeMethodAccessorImpl.invoke(NativeMethodAccessorImpl.java:62)
	at sun.reflect.DelegatingMethodAccessorImpl.invoke(DelegatingMethodAccessorImpl.java:43)
	at java.lang.reflect.Method.invoke(Method.java:498)
	at cucumber.runtime.Utils$1.call(Utils.java:26)
	at cucumber.runtime.Timeout.timeout(Timeout.java:16)
	at cucumber.runtime.Utils.invoke(Utils.java:20)
	at cucumber.runtime.java.JavaStepDefinition.execute(JavaStepDefinition.java:57)
	at cucumber.runner.PickleStepDefinitionMatch.runStep(PickleStepDefinitionMatch.java:50)
	at cucumber.runner.TestStep.executeStep(TestStep.java:65)
	at cucumber.runner.TestStep.run(TestStep.java:50)
	at cucumber.runner.PickleStepTestStep.run(PickleStepTestStep.java:43)
	at cucumber.runner.TestCase.run(TestCase.java:46)
	at cucumber.runner.Runner.runPickle(Runner.java:50)
	at io.cucumber.junit.PickleRunners$NoStepDescriptions.run(PickleRunners.java:146)
	at io.cucumber.junit.FeatureRunner.runChild(FeatureRunner.java:68)
	at io.cucumber.junit.FeatureRunner.runChild(FeatureRunner.java:23)
	at org.junit.runners.ParentRunner$4.run(ParentRunner.java:331)
	at org.junit.runners.ParentRunner$1.schedule(ParentRunner.java:79)
	at org.junit.runners.ParentRunner.runChildren(ParentRunner.java:329)
	at org.junit.runners.ParentRunner.access$100(ParentRunner.java:66)
	at org.junit.runners.ParentRunner$2.evaluate(ParentRunner.java:293)
	at org.junit.runners.ParentRunner$3.evaluate(ParentRunner.java:306)
	at org.junit.runners.ParentRunner.run(ParentRunner.java:413)
	at io.cucumber.junit.CucumberSerenityRunner.runChild(CucumberSerenityRunner.java:208)
	at io.cucumber.junit.CucumberSerenityRunner.runChild(CucumberSerenityRunner.java:66)
	at org.junit.runners.ParentRunner$4.run(ParentRunner.java:331)
	at org.junit.runners.ParentRunner$1.schedule(ParentRunner.java:79)
	at org.junit.runners.ParentRunner.runChildren(ParentRunner.java:329)
	at org.junit.runners.ParentRunner.access$100(ParentRunner.java:66)
	at org.junit.runners.ParentRunner$2.evaluate(ParentRunner.java:293)
	at io.cucumber.junit.CucumberSerenityRunner$RunCucumber.evaluate(CucumberSerenityRunner.java:238)
	at org.junit.runners.ParentRunner$3.evaluate(ParentRunner.java:306)
	at org.junit.runners.ParentRunner.run(ParentRunner.java:413)
	at org.apache.maven.surefire.junit4.JUnit4Provider.execute(JUnit4Provider.java:365)
	at org.apache.maven.surefire.junit4.JUnit4Provider.executeWithRerun(JUnit4Provider.java:273)
	at org.apache.maven.surefire.junit4.JUnit4Provider.executeTestSet(JUnit4Provider.java:238)
	at org.apache.maven.surefire.junit4.JUnit4Provider.invoke(JUnit4Provider.java:159)
	at org.apache.maven.surefire.booter.ForkedBooter.invokeProviderInSameClassLoader(ForkedBooter.java:384)
	at org.apache.maven.surefire.booter.ForkedBooter.runSuitesInProcess(ForkedBooter.java:345)
	at org.apache.maven.surefire.booter.ForkedBooter.execute(ForkedBooter.java:126)
	at org.apache.maven.surefire.booter.ForkedBooter.main(ForkedBooter.java:418)
&amp#27;[0m
    &amp#27;[36mAnd &amp#27;[0m&amp#27;[36muser enters credential to login&amp#27;[0m   &amp#27;[90m# LoginSteps.userEntersCredentialToLogin(DataTable)&amp#27;[0m
]]></system-out>
    <system-err><![CDATA[SLF4J: Failed to load class "org.slf4j.impl.StaticLoggerBinder".
SLF4J: Defaulting to no-operation (NOP) logger implementation
SLF4J: See http://www.slf4j.org/codes.html#StaticLoggerBinder for further details.
Sep 03, 2020 5:04:59 PM cucumber.runtime.java.ObjectFactoryLoader loadSingleObjectFactory
WARNING: Loading deprecated ObjectFactory from runtime via reflection: cucumber.runtime.SerenityObjectFactory
Sep 03, 2020 5:04:59 PM org.openqa.selenium.remote.DesiredCapabilities chrome
INFO: Using `new ChromeOptions()` is preferred to `DesiredCapabilities.chrome()`
Starting ChromeDriver 84.0.4147.30 (48b3e868b4cc0aa7e8149519690b6f6949e110a8-refs/branch-heads/4147@{#310}) on port 11036
Only local connections are allowed.
Please see https://chromedriver.chromium.org/security-considerations for suggestions on keeping ChromeDriver safe.
ChromeDriver was started successfully.
[1599132901.442][WARNING]: This version of ChromeDriver has not been tested with Chrome version 85.
Sep 03, 2020 5:05:03 PM org.openqa.selenium.remote.ProtocolHandshake createSession
INFO: Detected dialect: W3C
]]></system-err>
  </testcase>
  <testcase name="Get specific user comment" classname="Get comment of specific user" time="3.468">
    <failure message="expected:&lt;200&gt; but was:&lt;404&gt;" type="java.lang.AssertionError"><![CDATA[java.lang.AssertionError: expected:<200> but was:<404>
]]></failure>
    <system-out><![CDATA[
Feature: Get comment of specific user

  @api
  Scenario: Get specific user comment           &amp#27;[90m# src/test/resources/features/services/gorest/GetCommentOfSpecificUser.feature:4&amp#27;[0m
https://gorest.co.in/staging
Request method:	GET
Request path:	https://gorest.co.in/staging/public-api/comments
Proxy:			<none>
Request params:	<none>
Query params:	<none>
Form params:	<none>
Path params:	<none>
Multiparts:		<none>
Headers:		Accept=application/json
Cookies:		<none>
Body:			<none>
    &amp#27;[31mWhen &amp#27;[0m&amp#27;[31mI send request to get comment&amp#27;[0m          &amp#27;[90m# GoRestServiceSteps.iSendRequestToGetComment()&amp#27;[0m
      &amp#27;[31mjava.lang.AssertionError: expected:<200> but was:<404>
	at org.junit.Assert.fail(Assert.java:89)
	at org.junit.Assert.failNotEquals(Assert.java:835)
	at org.junit.Assert.assertEquals(Assert.java:647)
	at org.junit.Assert.assertEquals(Assert.java:633)
	at com.myautomationwork.steps.services.GoRestServiceSteps.iSendRequestToGetComment(GoRestServiceSteps.java:22)
	at ?.I send request to get comment(file:src/test/resources/features/services/gorest/GetCommentOfSpecificUser.feature:5)
&amp#27;[0m
    &amp#27;[36mThen &amp#27;[0m&amp#27;[36mI can see all comment of specific user&amp#27;[0m &amp#27;[90m# GoRestServiceSteps.iCanSeeAllCommentOfSpecificUser()&amp#27;[0m
]]></system-out>
  </testcase>
  <testcase name="create user with valid date" classname="Create User" time="8.871">
    <failure message="expected:&lt;201&gt; but was:&lt;404&gt;" type="java.lang.AssertionError"><![CDATA[java.lang.AssertionError: expected:<201> but was:<404>
]]></failure>
    <system-out><![CDATA[
Feature: Create User

  Scenario: create user with valid date                &amp#27;[90m# src/test/resources/features/services/reqres/CreateUser.feature:3&amp#27;[0m
Request method:	POST
Request path:	https://reqres.in/staging/api/users
Proxy:			<none>
Request params:	<none>
Query params:	<none>
Form params:	<none>
Path params:	<none>
Multiparts:		<none>
Headers:		Accept=application/json
				Content-Type=text/plain; charset=ISO-8859-1
Cookies:		<none>
Body:
{"job":"Lead QA Engineer"}
    &amp#27;[31mWhen &amp#27;[0m&amp#27;[31mI send request to create user with valid data&amp#27;[0m &amp#27;[90m# ReqresServiceSteps.iSendRequestToCreateUserWithValidData(DataTable)&amp#27;[0m
      &amp#27;[31mjava.lang.AssertionError: expected:<201> but was:<404>
	at org.junit.Assert.fail(Assert.java:89)
	at org.junit.Assert.failNotEquals(Assert.java:835)
	at org.junit.Assert.assertEquals(Assert.java:647)
	at org.junit.Assert.assertEquals(Assert.java:633)
	at com.myautomationwork.steps.services.ReqresServiceSteps.iSendRequestToCreateUserWithValidData(ReqresServiceSteps.java:25)
	at ?.I send request to create user with valid data(file:src/test/resources/features/services/reqres/CreateUser.feature:4)
&amp#27;[0m
    &amp#27;[36mThen &amp#27;[0m&amp#27;[36mI can see created user data in to response&amp#27;[0m    &amp#27;[90m# ReqresServiceSteps.iCanSeeUserInToResponse()&amp#27;[0m
]]></system-out>
  </testcase>
</testsuite>